CRITICAL - 2023-10-09 10:30:22 --> Undefined property: stdClass::$CategoryID
in APPPATH\Views\home_view.php on line 63.
 1 APPPATH\Views\home_view.php(63): CodeIgniter\Debug\Exceptions->errorHandler(2, 'Undefined property: stdClass::$CategoryID', 'D:\\XAMPP_NEW\\htdocs\\Codeigniter4\\app\\Views\\home_view.php', 63)
 2 SYSTEMPATH\View\View.php(226): include('D:\\XAMPP_NEW\\htdocs\\Codeigniter4\\app\\Views\\home_view.php')
 3 SYSTEMPATH\View\View.php(229): CodeIgniter\View\View->CodeIgniter\View\{closure}()
 4 SYSTEMPATH\Common.php(1188): CodeIgniter\View\View->render('home_view', [], true)
 5 APPPATH\Controllers\HomeController.php(11): view('home_view', [...])
 6 SYSTEMPATH\CodeIgniter.php(919): App\Controllers\HomeController->index()
 7 SYSTEMPATH\CodeIgniter.php(494): CodeIgniter\CodeIgniter->runController(Object(App\Controllers\HomeController))
 8 SYSTEMPATH\CodeIgniter.php(353): CodeIgniter\CodeIgniter->handleRequest(null, Object(Config\Cache), false)
 9 FCPATH\index.php(79): CodeIgniter\CodeIgniter->run()
ERROR - 2023-10-09 12:30:24 --> Error connecting to the database: mysqli_sql_exception: No connection could be made because the target machine actively refused it in D:\XAMPP_NEW\htdocs\Codeigniter4\system\Database\MySQLi\Connection.php:185
Stack trace:
#0 D:\XAMPP_NEW\htdocs\Codeigniter4\system\Database\MySQLi\Connection.php(185): mysqli->real_connect('localhost', 'root', '', 'tintuconline', 3306, '', 0)
#1 D:\XAMPP_NEW\htdocs\Codeigniter4\system\Database\BaseConnection.php(391): CodeIgniter\Database\MySQLi\Connection->connect(false)
#2 D:\XAMPP_NEW\htdocs\Codeigniter4\system\Database\BaseConnection.php(574): CodeIgniter\Database\BaseConnection->initialize()
#3 D:\XAMPP_NEW\htdocs\Codeigniter4\system\Database\BaseBuilder.php(1615): CodeIgniter\Database\BaseConnection->query('SELECT `id`, `T...', Array, false)
#4 D:\XAMPP_NEW\htdocs\Codeigniter4\app\Models\news_modal.php(18): CodeIgniter\Database\BaseBuilder->get()
#5 D:\XAMPP_NEW\htdocs\Codeigniter4\app\Controllers\HomeController.php(10): App\Models\news_modal->getArticleTitles()
#6 D:\XAMPP_NEW\htdocs\Codeigniter4\system\CodeIgniter.php(919): App\Controllers\HomeController->index()
#7 D:\XAMPP_NEW\htdocs\Codeigniter4\system\CodeIgniter.php(494): CodeIgniter\CodeIgniter->runController(Object(App\Controllers\HomeController))
#8 D:\XAMPP_NEW\htdocs\Codeigniter4\system\CodeIgniter.php(353): CodeIgniter\CodeIgniter->handleRequest(NULL, Object(Config\Cache), false)
#9 D:\XAMPP_NEW\htdocs\Codeigniter4\public\index.php(79): CodeIgniter\CodeIgniter->run()
#10 {main}

Next CodeIgniter\Database\Exceptions\DatabaseException: No connection could be made because the target machine actively refused it in D:\XAMPP_NEW\htdocs\Codeigniter4\system\Database\MySQLi\Connection.php:229
Stack trace:
#0 D:\XAMPP_NEW\htdocs\Codeigniter4\system\Database\BaseConnection.php(391): CodeIgniter\Database\MySQLi\Connection->connect(false)
#1 D:\XAMPP_NEW\htdocs\Codeigniter4\system\Database\BaseConnection.php(574): CodeIgniter\Database\BaseConnection->initialize()
#2 D:\XAMPP_NEW\htdocs\Codeigniter4\system\Database\BaseBuilder.php(1615): CodeIgniter\Database\BaseConnection->query('SELECT `id`, `T...', Array, false)
#3 D:\XAMPP_NEW\htdocs\Codeigniter4\app\Models\news_modal.php(18): CodeIgniter\Database\BaseBuilder->get()
#4 D:\XAMPP_NEW\htdocs\Codeigniter4\app\Controllers\HomeController.php(10): App\Models\news_modal->getArticleTitles()
#5 D:\XAMPP_NEW\htdocs\Codeigniter4\system\CodeIgniter.php(919): App\Controllers\HomeController->index()
#6 D:\XAMPP_NEW\htdocs\Codeigniter4\system\CodeIgniter.php(494): CodeIgniter\CodeIgniter->runController(Object(App\Controllers\HomeController))
#7 D:\XAMPP_NEW\htdocs\Codeigniter4\system\CodeIgniter.php(353): CodeIgniter\CodeIgniter->handleRequest(NULL, Object(Config\Cache), false)
#8 D:\XAMPP_NEW\htdocs\Codeigniter4\public\index.php(79): CodeIgniter\CodeIgniter->run()
#9 {main}
CRITICAL - 2023-10-09 12:30:24 --> Unable to connect to the database.
Main connection [MySQLi]: No connection could be made because the target machine actively refused it
in SYSTEMPATH\Database\BaseConnection.php on line 427.
 1 SYSTEMPATH\Database\BaseConnection.php(574): CodeIgniter\Database\BaseConnection->initialize()
 2 SYSTEMPATH\Database\BaseBuilder.php(1615): CodeIgniter\Database\BaseConnection->query('SELECT `id`, `Title`
FROM `articles`', [], false)
 3 APPPATH\Models\news_modal.php(18): CodeIgniter\Database\BaseBuilder->get()
 4 APPPATH\Controllers\HomeController.php(10): App\Models\news_modal->getArticleTitles()
 5 SYSTEMPATH\CodeIgniter.php(919): App\Controllers\HomeController->index()
 6 SYSTEMPATH\CodeIgniter.php(494): CodeIgniter\CodeIgniter->runController(Object(App\Controllers\HomeController))
 7 SYSTEMPATH\CodeIgniter.php(353): CodeIgniter\CodeIgniter->handleRequest(null, Object(Config\Cache), false)
 8 FCPATH\index.php(79): CodeIgniter\CodeIgniter->run()
ERROR - 2023-10-09 12:30:27 --> Error connecting to the database: mysqli_sql_exception: No connection could be made because the target machine actively refused it in D:\XAMPP_NEW\htdocs\Codeigniter4\system\Database\MySQLi\Connection.php:185
Stack trace:
#0 D:\XAMPP_NEW\htdocs\Codeigniter4\system\Database\MySQLi\Connection.php(185): mysqli->real_connect('localhost', 'root', '', 'tintuconline', 3306, '', 0)
#1 D:\XAMPP_NEW\htdocs\Codeigniter4\system\Database\BaseConnection.php(391): CodeIgniter\Database\MySQLi\Connection->connect(false)
#2 D:\XAMPP_NEW\htdocs\Codeigniter4\system\Database\BaseConnection.php(574): CodeIgniter\Database\BaseConnection->initialize()
#3 D:\XAMPP_NEW\htdocs\Codeigniter4\system\Database\BaseBuilder.php(1615): CodeIgniter\Database\BaseConnection->query('SELECT `id`, `T...', Array, false)
#4 D:\XAMPP_NEW\htdocs\Codeigniter4\app\Models\news_modal.php(18): CodeIgniter\Database\BaseBuilder->get()
#5 D:\XAMPP_NEW\htdocs\Codeigniter4\app\Controllers\HomeController.php(10): App\Models\news_modal->getArticleTitles()
#6 D:\XAMPP_NEW\htdocs\Codeigniter4\system\CodeIgniter.php(919): App\Controllers\HomeController->index()
#7 D:\XAMPP_NEW\htdocs\Codeigniter4\system\CodeIgniter.php(494): CodeIgniter\CodeIgniter->runController(Object(App\Controllers\HomeController))
#8 D:\XAMPP_NEW\htdocs\Codeigniter4\system\CodeIgniter.php(353): CodeIgniter\CodeIgniter->handleRequest(NULL, Object(Config\Cache), false)
#9 D:\XAMPP_NEW\htdocs\Codeigniter4\public\index.php(79): CodeIgniter\CodeIgniter->run()
#10 {main}

Next CodeIgniter\Database\Exceptions\DatabaseException: No connection could be made because the target machine actively refused it in D:\XAMPP_NEW\htdocs\Codeigniter4\system\Database\MySQLi\Connection.php:229
Stack trace:
#0 D:\XAMPP_NEW\htdocs\Codeigniter4\system\Database\BaseConnection.php(391): CodeIgniter\Database\MySQLi\Connection->connect(false)
#1 D:\XAMPP_NEW\htdocs\Codeigniter4\system\Database\BaseConnection.php(574): CodeIgniter\Database\BaseConnection->initialize()
#2 D:\XAMPP_NEW\htdocs\Codeigniter4\system\Database\BaseBuilder.php(1615): CodeIgniter\Database\BaseConnection->query('SELECT `id`, `T...', Array, false)
#3 D:\XAMPP_NEW\htdocs\Codeigniter4\app\Models\news_modal.php(18): CodeIgniter\Database\BaseBuilder->get()
#4 D:\XAMPP_NEW\htdocs\Codeigniter4\app\Controllers\HomeController.php(10): App\Models\news_modal->getArticleTitles()
#5 D:\XAMPP_NEW\htdocs\Codeigniter4\system\CodeIgniter.php(919): App\Controllers\HomeController->index()
#6 D:\XAMPP_NEW\htdocs\Codeigniter4\system\CodeIgniter.php(494): CodeIgniter\CodeIgniter->runController(Object(App\Controllers\HomeController))
#7 D:\XAMPP_NEW\htdocs\Codeigniter4\system\CodeIgniter.php(353): CodeIgniter\CodeIgniter->handleRequest(NULL, Object(Config\Cache), false)
#8 D:\XAMPP_NEW\htdocs\Codeigniter4\public\index.php(79): CodeIgniter\CodeIgniter->run()
#9 {main}
CRITICAL - 2023-10-09 12:30:27 --> Unable to connect to the database.
Main connection [MySQLi]: No connection could be made because the target machine actively refused it
in SYSTEMPATH\Database\BaseConnection.php on line 427.
 1 SYSTEMPATH\Database\BaseConnection.php(574): CodeIgniter\Database\BaseConnection->initialize()
 2 SYSTEMPATH\Database\BaseBuilder.php(1615): CodeIgniter\Database\BaseConnection->query('SELECT `id`, `Title`
FROM `articles`', [], false)
 3 APPPATH\Models\news_modal.php(18): CodeIgniter\Database\BaseBuilder->get()
 4 APPPATH\Controllers\HomeController.php(10): App\Models\news_modal->getArticleTitles()
 5 SYSTEMPATH\CodeIgniter.php(919): App\Controllers\HomeController->index()
 6 SYSTEMPATH\CodeIgniter.php(494): CodeIgniter\CodeIgniter->runController(Object(App\Controllers\HomeController))
 7 SYSTEMPATH\CodeIgniter.php(353): CodeIgniter\CodeIgniter->handleRequest(null, Object(Config\Cache), false)
 8 FCPATH\index.php(79): CodeIgniter\CodeIgniter->run()
