ERROR - 2023-12-06 14:11:07 --> mysqli_sql_exception: MySQL server has gone away in D:\xampp_new\htdocs\Codeigniter4\system\Database\MySQLi\Connection.php:306
Stack trace:
#0 D:\xampp_new\htdocs\Codeigniter4\system\Database\MySQLi\Connection.php(306): mysqli->query('SELECT `id`, `T...', 0)
#1 D:\xampp_new\htdocs\Codeigniter4\system\Database\BaseConnection.php(692): CodeIgniter\Database\MySQLi\Connection->execute('SELECT `id`, `T...')
#2 D:\xampp_new\htdocs\Codeigniter4\system\Database\BaseConnection.php(606): CodeIgniter\Database\BaseConnection->simpleQuery('SELECT `id`, `T...')
#3 D:\xampp_new\htdocs\Codeigniter4\system\Database\BaseBuilder.php(1615): CodeIgniter\Database\BaseConnection->query('SELECT `id`, `T...', Array, false)
#4 D:\xampp_new\htdocs\Codeigniter4\app\Models\news_modal.php(16): CodeIgniter\Database\BaseBuilder->get()
#5 D:\xampp_new\htdocs\Codeigniter4\app\Controllers\HomeController.php(13): App\Models\news_modal->getArticleTitles()
#6 D:\xampp_new\htdocs\Codeigniter4\system\CodeIgniter.php(919): App\Controllers\HomeController->index()
#7 D:\xampp_new\htdocs\Codeigniter4\system\CodeIgniter.php(494): CodeIgniter\CodeIgniter->runController(Object(App\Controllers\HomeController))
#8 D:\xampp_new\htdocs\Codeigniter4\system\CodeIgniter.php(353): CodeIgniter\CodeIgniter->handleRequest(NULL, Object(Config\Cache), false)
#9 D:\xampp_new\htdocs\Codeigniter4\public\index.php(79): CodeIgniter\CodeIgniter->run()
#10 {main}
CRITICAL - 2023-12-06 14:11:07 --> MySQL server has gone away
in SYSTEMPATH\Database\BaseConnection.php on line 646.
 1 SYSTEMPATH\Database\BaseBuilder.php(1615): CodeIgniter\Database\BaseConnection->query('SELECT `id`, `Title`, `HeaderImageURL`
FROM `articles`', [], false)
 2 APPPATH\Models\news_modal.php(16): CodeIgniter\Database\BaseBuilder->get()
 3 APPPATH\Controllers\HomeController.php(13): App\Models\news_modal->getArticleTitles()
 4 SYSTEMPATH\CodeIgniter.php(919): App\Controllers\HomeController->index()
 5 SYSTEMPATH\CodeIgniter.php(494): CodeIgniter\CodeIgniter->runController(Object(App\Controllers\HomeController))
 6 SYSTEMPATH\CodeIgniter.php(353): CodeIgniter\CodeIgniter->handleRequest(null, Object(Config\Cache), false)
 7 FCPATH\index.php(79): CodeIgniter\CodeIgniter->run()
