CRITICAL - 2023-12-07 07:02:32 --> Attempt to read property "HeaderImageURL" on array
in APPPATH\Views\home_view.php on line 68.
 1 APPPATH\Views\home_view.php(68): CodeIgniter\Debug\Exceptions->errorHandler(2, 'Attempt to read property "HeaderImageURL" on array', 'D:\\xampp_new\\htdocs\\Codeigniter4\\app\\Views\\home_view.php', 68)
 2 SYSTEMPATH\View\View.php(226): include('D:\\xampp_new\\htdocs\\Codeigniter4\\app\\Views\\home_view.php')
 3 SYSTEMPATH\View\View.php(229): CodeIgniter\View\View->CodeIgniter\View\{closure}()
 4 SYSTEMPATH\Common.php(1188): CodeIgniter\View\View->render('home_view', [], true)
 5 APPPATH\Controllers\HomeController.php(16): view('home_view', [...])
 6 SYSTEMPATH\CodeIgniter.php(919): App\Controllers\HomeController->index()
 7 SYSTEMPATH\CodeIgniter.php(494): CodeIgniter\CodeIgniter->runController(Object(App\Controllers\HomeController))
 8 SYSTEMPATH\CodeIgniter.php(353): CodeIgniter\CodeIgniter->handleRequest(null, Object(Config\Cache), false)
 9 FCPATH\index.php(79): CodeIgniter\CodeIgniter->run()
CRITICAL - 2023-12-07 07:03:36 --> Attempt to read property "HeaderImageURL" on array
in APPPATH\Views\home_view.php on line 68.
 1 APPPATH\Views\home_view.php(68): CodeIgniter\Debug\Exceptions->errorHandler(2, 'Attempt to read property "HeaderImageURL" on array', 'D:\\xampp_new\\htdocs\\Codeigniter4\\app\\Views\\home_view.php', 68)
 2 SYSTEMPATH\View\View.php(226): include('D:\\xampp_new\\htdocs\\Codeigniter4\\app\\Views\\home_view.php')
 3 SYSTEMPATH\View\View.php(229): CodeIgniter\View\View->CodeIgniter\View\{closure}()
 4 SYSTEMPATH\Common.php(1188): CodeIgniter\View\View->render('home_view', [], true)
 5 APPPATH\Controllers\HomeController.php(16): view('home_view', [...])
 6 SYSTEMPATH\CodeIgniter.php(919): App\Controllers\HomeController->index()
 7 SYSTEMPATH\CodeIgniter.php(494): CodeIgniter\CodeIgniter->runController(Object(App\Controllers\HomeController))
 8 SYSTEMPATH\CodeIgniter.php(353): CodeIgniter\CodeIgniter->handleRequest(null, Object(Config\Cache), false)
 9 FCPATH\index.php(79): CodeIgniter\CodeIgniter->run()
