CRITICAL - 2023-10-23 17:40:09 --> Allowed fields must be specified for model: "App\Models\admin_modal"
in SYSTEMPATH\Model.php on line 736.
 1 SYSTEMPATH\Model.php(736): CodeIgniter\Database\Exceptions\DataException::forInvalidAllowedFields('App\\Models\\admin_modal')
 2 SYSTEMPATH\BaseModel.php(763): CodeIgniter\Model->doProtectFieldsForInsert([...])
 3 SYSTEMPATH\Model.php(715): CodeIgniter\BaseModel->insert([...], true)
 4 APPPATH\Models\admin_modal.php(16): CodeIgniter\Model->insert([...])
 5 APPPATH\Controllers\AdminController.php(21): App\Models\admin_modal->insertAdmin([...])
 6 SYSTEMPATH\CodeIgniter.php(919): App\Controllers\AdminController->saveArticle()
 7 SYSTEMPATH\CodeIgniter.php(494): CodeIgniter\CodeIgniter->runController(Object(App\Controllers\AdminController))
 8 SYSTEMPATH\CodeIgniter.php(353): CodeIgniter\CodeIgniter->handleRequest(null, Object(Config\Cache), false)
 9 FCPATH\index.php(79): CodeIgniter\CodeIgniter->run()
CRITICAL - 2023-10-23 17:40:44 --> Allowed fields must be specified for model: "App\Models\admin_modal"
in SYSTEMPATH\Model.php on line 736.
 1 SYSTEMPATH\Model.php(736): CodeIgniter\Database\Exceptions\DataException::forInvalidAllowedFields('App\\Models\\admin_modal')
 2 SYSTEMPATH\BaseModel.php(763): CodeIgniter\Model->doProtectFieldsForInsert([...])
 3 SYSTEMPATH\Model.php(715): CodeIgniter\BaseModel->insert([...], true)
 4 APPPATH\Models\admin_modal.php(16): CodeIgniter\Model->insert([...])
 5 APPPATH\Controllers\AdminController.php(21): App\Models\admin_modal->insertAdmin([...])
 6 SYSTEMPATH\CodeIgniter.php(919): App\Controllers\AdminController->saveArticle()
 7 SYSTEMPATH\CodeIgniter.php(494): CodeIgniter\CodeIgniter->runController(Object(App\Controllers\AdminController))
 8 SYSTEMPATH\CodeIgniter.php(353): CodeIgniter\CodeIgniter->handleRequest(null, Object(Config\Cache), false)
 9 FCPATH\index.php(79): CodeIgniter\CodeIgniter->run()
CRITICAL - 2023-10-23 17:40:53 --> Allowed fields must be specified for model: "App\Models\admin_modal"
in SYSTEMPATH\Model.php on line 736.
 1 SYSTEMPATH\Model.php(736): CodeIgniter\Database\Exceptions\DataException::forInvalidAllowedFields('App\\Models\\admin_modal')
 2 SYSTEMPATH\BaseModel.php(763): CodeIgniter\Model->doProtectFieldsForInsert([...])
 3 SYSTEMPATH\Model.php(715): CodeIgniter\BaseModel->insert([...], true)
 4 APPPATH\Models\admin_modal.php(16): CodeIgniter\Model->insert([...])
 5 APPPATH\Controllers\AdminController.php(21): App\Models\admin_modal->insertAdmin([...])
 6 SYSTEMPATH\CodeIgniter.php(919): App\Controllers\AdminController->saveArticle()
 7 SYSTEMPATH\CodeIgniter.php(494): CodeIgniter\CodeIgniter->runController(Object(App\Controllers\AdminController))
 8 SYSTEMPATH\CodeIgniter.php(353): CodeIgniter\CodeIgniter->handleRequest(null, Object(Config\Cache), false)
 9 FCPATH\index.php(79): CodeIgniter\CodeIgniter->run()
CRITICAL - 2023-10-23 17:42:35 --> Allowed fields must be specified for model: "App\Models\admin_modal"
in SYSTEMPATH\Model.php on line 736.
 1 SYSTEMPATH\Model.php(736): CodeIgniter\Database\Exceptions\DataException::forInvalidAllowedFields('App\\Models\\admin_modal')
 2 SYSTEMPATH\BaseModel.php(763): CodeIgniter\Model->doProtectFieldsForInsert([...])
 3 SYSTEMPATH\Model.php(715): CodeIgniter\BaseModel->insert([...], true)
 4 APPPATH\Models\admin_modal.php(16): CodeIgniter\Model->insert([...])
 5 APPPATH\Controllers\AdminController.php(21): App\Models\admin_modal->insertAdmin([...])
 6 SYSTEMPATH\CodeIgniter.php(919): App\Controllers\AdminController->saveArticle()
 7 SYSTEMPATH\CodeIgniter.php(494): CodeIgniter\CodeIgniter->runController(Object(App\Controllers\AdminController))
 8 SYSTEMPATH\CodeIgniter.php(353): CodeIgniter\CodeIgniter->handleRequest(null, Object(Config\Cache), false)
 9 FCPATH\index.php(79): CodeIgniter\CodeIgniter->run()
CRITICAL - 2023-10-23 17:44:19 --> Allowed fields must be specified for model: "App\Models\admin_modal"
in SYSTEMPATH\Model.php on line 736.
 1 SYSTEMPATH\Model.php(736): CodeIgniter\Database\Exceptions\DataException::forInvalidAllowedFields('App\\Models\\admin_modal')
 2 SYSTEMPATH\BaseModel.php(763): CodeIgniter\Model->doProtectFieldsForInsert([...])
 3 SYSTEMPATH\Model.php(715): CodeIgniter\BaseModel->insert([...], true)
 4 APPPATH\Models\admin_modal.php(16): CodeIgniter\Model->insert([...])
 5 APPPATH\Controllers\AdminController.php(21): App\Models\admin_modal->insertAdmin([...])
 6 SYSTEMPATH\CodeIgniter.php(919): App\Controllers\AdminController->saveArticle()
 7 SYSTEMPATH\CodeIgniter.php(494): CodeIgniter\CodeIgniter->runController(Object(App\Controllers\AdminController))
 8 SYSTEMPATH\CodeIgniter.php(353): CodeIgniter\CodeIgniter->handleRequest(null, Object(Config\Cache), false)
 9 FCPATH\index.php(79): CodeIgniter\CodeIgniter->run()
ERROR - 2023-10-23 17:53:03 --> mysqli_sql_exception: Column 'Title' cannot be null in D:\XAMPP_NEW\htdocs\Codeigniter4\system\Database\MySQLi\Connection.php:306
Stack trace:
#0 D:\XAMPP_NEW\htdocs\Codeigniter4\system\Database\MySQLi\Connection.php(306): mysqli->query('INSERT INTO `ar...', 0)
#1 D:\XAMPP_NEW\htdocs\Codeigniter4\system\Database\BaseConnection.php(692): CodeIgniter\Database\MySQLi\Connection->execute('INSERT INTO `ar...')
#2 D:\XAMPP_NEW\htdocs\Codeigniter4\system\Database\BaseConnection.php(606): CodeIgniter\Database\BaseConnection->simpleQuery('INSERT INTO `ar...')
#3 D:\XAMPP_NEW\htdocs\Codeigniter4\system\Database\BaseBuilder.php(2308): CodeIgniter\Database\BaseConnection->query('INSERT INTO `ar...', Array, false)
#4 D:\XAMPP_NEW\htdocs\Codeigniter4\system\Model.php(319): CodeIgniter\Database\BaseBuilder->insert()
#5 D:\XAMPP_NEW\htdocs\Codeigniter4\system\BaseModel.php(788): CodeIgniter\Model->doInsert(Array)
#6 D:\XAMPP_NEW\htdocs\Codeigniter4\system\Model.php(715): CodeIgniter\BaseModel->insert(Array, true)
#7 D:\XAMPP_NEW\htdocs\Codeigniter4\app\Models\admin_modal.php(16): CodeIgniter\Model->insert(Array)
#8 D:\XAMPP_NEW\htdocs\Codeigniter4\app\Controllers\AdminController.php(21): App\Models\admin_modal->insertAdmin(Array)
#9 D:\XAMPP_NEW\htdocs\Codeigniter4\system\CodeIgniter.php(919): App\Controllers\AdminController->saveArticle()
#10 D:\XAMPP_NEW\htdocs\Codeigniter4\system\CodeIgniter.php(494): CodeIgniter\CodeIgniter->runController(Object(App\Controllers\AdminController))
#11 D:\XAMPP_NEW\htdocs\Codeigniter4\system\CodeIgniter.php(353): CodeIgniter\CodeIgniter->handleRequest(NULL, Object(Config\Cache), false)
#12 D:\XAMPP_NEW\htdocs\Codeigniter4\public\index.php(79): CodeIgniter\CodeIgniter->run()
#13 {main}
CRITICAL - 2023-10-23 17:53:03 --> Column 'Title' cannot be null
in SYSTEMPATH\Database\BaseConnection.php on line 646.
 1 SYSTEMPATH\Database\BaseBuilder.php(2308): CodeIgniter\Database\BaseConnection->query('INSERT INTO `articles` (`Title`) VALUES (:Title:)', [...], false)
 2 SYSTEMPATH\Model.php(319): CodeIgniter\Database\BaseBuilder->insert()
 3 SYSTEMPATH\BaseModel.php(788): CodeIgniter\Model->doInsert([...])
 4 SYSTEMPATH\Model.php(715): CodeIgniter\BaseModel->insert([...], true)
 5 APPPATH\Models\admin_modal.php(16): CodeIgniter\Model->insert([...])
 6 APPPATH\Controllers\AdminController.php(21): App\Models\admin_modal->insertAdmin([...])
 7 SYSTEMPATH\CodeIgniter.php(919): App\Controllers\AdminController->saveArticle()
 8 SYSTEMPATH\CodeIgniter.php(494): CodeIgniter\CodeIgniter->runController(Object(App\Controllers\AdminController))
 9 SYSTEMPATH\CodeIgniter.php(353): CodeIgniter\CodeIgniter->handleRequest(null, Object(Config\Cache), false)
10 FCPATH\index.php(79): CodeIgniter\CodeIgniter->run()
ERROR - 2023-10-23 17:53:06 --> mysqli_sql_exception: Column 'Title' cannot be null in D:\XAMPP_NEW\htdocs\Codeigniter4\system\Database\MySQLi\Connection.php:306
Stack trace:
#0 D:\XAMPP_NEW\htdocs\Codeigniter4\system\Database\MySQLi\Connection.php(306): mysqli->query('INSERT INTO `ar...', 0)
#1 D:\XAMPP_NEW\htdocs\Codeigniter4\system\Database\BaseConnection.php(692): CodeIgniter\Database\MySQLi\Connection->execute('INSERT INTO `ar...')
#2 D:\XAMPP_NEW\htdocs\Codeigniter4\system\Database\BaseConnection.php(606): CodeIgniter\Database\BaseConnection->simpleQuery('INSERT INTO `ar...')
#3 D:\XAMPP_NEW\htdocs\Codeigniter4\system\Database\BaseBuilder.php(2308): CodeIgniter\Database\BaseConnection->query('INSERT INTO `ar...', Array, false)
#4 D:\XAMPP_NEW\htdocs\Codeigniter4\system\Model.php(319): CodeIgniter\Database\BaseBuilder->insert()
#5 D:\XAMPP_NEW\htdocs\Codeigniter4\system\BaseModel.php(788): CodeIgniter\Model->doInsert(Array)
#6 D:\XAMPP_NEW\htdocs\Codeigniter4\system\Model.php(715): CodeIgniter\BaseModel->insert(Array, true)
#7 D:\XAMPP_NEW\htdocs\Codeigniter4\app\Models\admin_modal.php(16): CodeIgniter\Model->insert(Array)
#8 D:\XAMPP_NEW\htdocs\Codeigniter4\app\Controllers\AdminController.php(21): App\Models\admin_modal->insertAdmin(Array)
#9 D:\XAMPP_NEW\htdocs\Codeigniter4\system\CodeIgniter.php(919): App\Controllers\AdminController->saveArticle()
#10 D:\XAMPP_NEW\htdocs\Codeigniter4\system\CodeIgniter.php(494): CodeIgniter\CodeIgniter->runController(Object(App\Controllers\AdminController))
#11 D:\XAMPP_NEW\htdocs\Codeigniter4\system\CodeIgniter.php(353): CodeIgniter\CodeIgniter->handleRequest(NULL, Object(Config\Cache), false)
#12 D:\XAMPP_NEW\htdocs\Codeigniter4\public\index.php(79): CodeIgniter\CodeIgniter->run()
#13 {main}
CRITICAL - 2023-10-23 17:53:06 --> Column 'Title' cannot be null
in SYSTEMPATH\Database\BaseConnection.php on line 646.
 1 SYSTEMPATH\Database\BaseBuilder.php(2308): CodeIgniter\Database\BaseConnection->query('INSERT INTO `articles` (`Title`) VALUES (:Title:)', [...], false)
 2 SYSTEMPATH\Model.php(319): CodeIgniter\Database\BaseBuilder->insert()
 3 SYSTEMPATH\BaseModel.php(788): CodeIgniter\Model->doInsert([...])
 4 SYSTEMPATH\Model.php(715): CodeIgniter\BaseModel->insert([...], true)
 5 APPPATH\Models\admin_modal.php(16): CodeIgniter\Model->insert([...])
 6 APPPATH\Controllers\AdminController.php(21): App\Models\admin_modal->insertAdmin([...])
 7 SYSTEMPATH\CodeIgniter.php(919): App\Controllers\AdminController->saveArticle()
 8 SYSTEMPATH\CodeIgniter.php(494): CodeIgniter\CodeIgniter->runController(Object(App\Controllers\AdminController))
 9 SYSTEMPATH\CodeIgniter.php(353): CodeIgniter\CodeIgniter->handleRequest(null, Object(Config\Cache), false)
10 FCPATH\index.php(79): CodeIgniter\CodeIgniter->run()
ERROR - 2023-10-23 17:53:14 --> mysqli_sql_exception: Column 'Title' cannot be null in D:\XAMPP_NEW\htdocs\Codeigniter4\system\Database\MySQLi\Connection.php:306
Stack trace:
#0 D:\XAMPP_NEW\htdocs\Codeigniter4\system\Database\MySQLi\Connection.php(306): mysqli->query('INSERT INTO `ar...', 0)
#1 D:\XAMPP_NEW\htdocs\Codeigniter4\system\Database\BaseConnection.php(692): CodeIgniter\Database\MySQLi\Connection->execute('INSERT INTO `ar...')
#2 D:\XAMPP_NEW\htdocs\Codeigniter4\system\Database\BaseConnection.php(606): CodeIgniter\Database\BaseConnection->simpleQuery('INSERT INTO `ar...')
#3 D:\XAMPP_NEW\htdocs\Codeigniter4\system\Database\BaseBuilder.php(2308): CodeIgniter\Database\BaseConnection->query('INSERT INTO `ar...', Array, false)
#4 D:\XAMPP_NEW\htdocs\Codeigniter4\system\Model.php(319): CodeIgniter\Database\BaseBuilder->insert()
#5 D:\XAMPP_NEW\htdocs\Codeigniter4\system\BaseModel.php(788): CodeIgniter\Model->doInsert(Array)
#6 D:\XAMPP_NEW\htdocs\Codeigniter4\system\Model.php(715): CodeIgniter\BaseModel->insert(Array, true)
#7 D:\XAMPP_NEW\htdocs\Codeigniter4\app\Models\admin_modal.php(16): CodeIgniter\Model->insert(Array)
#8 D:\XAMPP_NEW\htdocs\Codeigniter4\app\Controllers\AdminController.php(21): App\Models\admin_modal->insertAdmin(Array)
#9 D:\XAMPP_NEW\htdocs\Codeigniter4\system\CodeIgniter.php(919): App\Controllers\AdminController->saveArticle()
#10 D:\XAMPP_NEW\htdocs\Codeigniter4\system\CodeIgniter.php(494): CodeIgniter\CodeIgniter->runController(Object(App\Controllers\AdminController))
#11 D:\XAMPP_NEW\htdocs\Codeigniter4\system\CodeIgniter.php(353): CodeIgniter\CodeIgniter->handleRequest(NULL, Object(Config\Cache), false)
#12 D:\XAMPP_NEW\htdocs\Codeigniter4\public\index.php(79): CodeIgniter\CodeIgniter->run()
#13 {main}
CRITICAL - 2023-10-23 17:53:14 --> Column 'Title' cannot be null
in SYSTEMPATH\Database\BaseConnection.php on line 646.
 1 SYSTEMPATH\Database\BaseBuilder.php(2308): CodeIgniter\Database\BaseConnection->query('INSERT INTO `articles` (`Title`) VALUES (:Title:)', [...], false)
 2 SYSTEMPATH\Model.php(319): CodeIgniter\Database\BaseBuilder->insert()
 3 SYSTEMPATH\BaseModel.php(788): CodeIgniter\Model->doInsert([...])
 4 SYSTEMPATH\Model.php(715): CodeIgniter\BaseModel->insert([...], true)
 5 APPPATH\Models\admin_modal.php(16): CodeIgniter\Model->insert([...])
 6 APPPATH\Controllers\AdminController.php(21): App\Models\admin_modal->insertAdmin([...])
 7 SYSTEMPATH\CodeIgniter.php(919): App\Controllers\AdminController->saveArticle()
 8 SYSTEMPATH\CodeIgniter.php(494): CodeIgniter\CodeIgniter->runController(Object(App\Controllers\AdminController))
 9 SYSTEMPATH\CodeIgniter.php(353): CodeIgniter\CodeIgniter->handleRequest(null, Object(Config\Cache), false)
10 FCPATH\index.php(79): CodeIgniter\CodeIgniter->run()
ERROR - 2023-10-23 17:55:06 --> mysqli_sql_exception: Column 'Title' cannot be null in D:\XAMPP_NEW\htdocs\Codeigniter4\system\Database\MySQLi\Connection.php:306
Stack trace:
#0 D:\XAMPP_NEW\htdocs\Codeigniter4\system\Database\MySQLi\Connection.php(306): mysqli->query('INSERT INTO `ar...', 0)
#1 D:\XAMPP_NEW\htdocs\Codeigniter4\system\Database\BaseConnection.php(692): CodeIgniter\Database\MySQLi\Connection->execute('INSERT INTO `ar...')
#2 D:\XAMPP_NEW\htdocs\Codeigniter4\system\Database\BaseConnection.php(606): CodeIgniter\Database\BaseConnection->simpleQuery('INSERT INTO `ar...')
#3 D:\XAMPP_NEW\htdocs\Codeigniter4\system\Database\BaseBuilder.php(2308): CodeIgniter\Database\BaseConnection->query('INSERT INTO `ar...', Array, false)
#4 D:\XAMPP_NEW\htdocs\Codeigniter4\system\Model.php(319): CodeIgniter\Database\BaseBuilder->insert()
#5 D:\XAMPP_NEW\htdocs\Codeigniter4\system\BaseModel.php(788): CodeIgniter\Model->doInsert(Array)
#6 D:\XAMPP_NEW\htdocs\Codeigniter4\system\Model.php(715): CodeIgniter\BaseModel->insert(Array, true)
#7 D:\XAMPP_NEW\htdocs\Codeigniter4\app\Models\admin_modal.php(16): CodeIgniter\Model->insert(Array)
#8 D:\XAMPP_NEW\htdocs\Codeigniter4\app\Controllers\AdminController.php(21): App\Models\admin_modal->insertAdmin(Array)
#9 D:\XAMPP_NEW\htdocs\Codeigniter4\system\CodeIgniter.php(919): App\Controllers\AdminController->saveArticle()
#10 D:\XAMPP_NEW\htdocs\Codeigniter4\system\CodeIgniter.php(494): CodeIgniter\CodeIgniter->runController(Object(App\Controllers\AdminController))
#11 D:\XAMPP_NEW\htdocs\Codeigniter4\system\CodeIgniter.php(353): CodeIgniter\CodeIgniter->handleRequest(NULL, Object(Config\Cache), false)
#12 D:\XAMPP_NEW\htdocs\Codeigniter4\public\index.php(79): CodeIgniter\CodeIgniter->run()
#13 {main}
CRITICAL - 2023-10-23 17:55:06 --> Column 'Title' cannot be null
in SYSTEMPATH\Database\BaseConnection.php on line 646.
 1 SYSTEMPATH\Database\BaseBuilder.php(2308): CodeIgniter\Database\BaseConnection->query('INSERT INTO `articles` (`Title`) VALUES (:Title:)', [...], false)
 2 SYSTEMPATH\Model.php(319): CodeIgniter\Database\BaseBuilder->insert()
 3 SYSTEMPATH\BaseModel.php(788): CodeIgniter\Model->doInsert([...])
 4 SYSTEMPATH\Model.php(715): CodeIgniter\BaseModel->insert([...], true)
 5 APPPATH\Models\admin_modal.php(16): CodeIgniter\Model->insert([...])
 6 APPPATH\Controllers\AdminController.php(21): App\Models\admin_modal->insertAdmin([...])
 7 SYSTEMPATH\CodeIgniter.php(919): App\Controllers\AdminController->saveArticle()
 8 SYSTEMPATH\CodeIgniter.php(494): CodeIgniter\CodeIgniter->runController(Object(App\Controllers\AdminController))
 9 SYSTEMPATH\CodeIgniter.php(353): CodeIgniter\CodeIgniter->handleRequest(null, Object(Config\Cache), false)
10 FCPATH\index.php(79): CodeIgniter\CodeIgniter->run()
ERROR - 2023-10-23 17:55:16 --> mysqli_sql_exception: Column 'Title' cannot be null in D:\XAMPP_NEW\htdocs\Codeigniter4\system\Database\MySQLi\Connection.php:306
Stack trace:
#0 D:\XAMPP_NEW\htdocs\Codeigniter4\system\Database\MySQLi\Connection.php(306): mysqli->query('INSERT INTO `ar...', 0)
#1 D:\XAMPP_NEW\htdocs\Codeigniter4\system\Database\BaseConnection.php(692): CodeIgniter\Database\MySQLi\Connection->execute('INSERT INTO `ar...')
#2 D:\XAMPP_NEW\htdocs\Codeigniter4\system\Database\BaseConnection.php(606): CodeIgniter\Database\BaseConnection->simpleQuery('INSERT INTO `ar...')
#3 D:\XAMPP_NEW\htdocs\Codeigniter4\system\Database\BaseBuilder.php(2308): CodeIgniter\Database\BaseConnection->query('INSERT INTO `ar...', Array, false)
#4 D:\XAMPP_NEW\htdocs\Codeigniter4\system\Model.php(319): CodeIgniter\Database\BaseBuilder->insert()
#5 D:\XAMPP_NEW\htdocs\Codeigniter4\system\BaseModel.php(788): CodeIgniter\Model->doInsert(Array)
#6 D:\XAMPP_NEW\htdocs\Codeigniter4\system\Model.php(715): CodeIgniter\BaseModel->insert(Array, true)
#7 D:\XAMPP_NEW\htdocs\Codeigniter4\app\Models\admin_modal.php(16): CodeIgniter\Model->insert(Array)
#8 D:\XAMPP_NEW\htdocs\Codeigniter4\app\Controllers\AdminController.php(21): App\Models\admin_modal->insertAdmin(Array)
#9 D:\XAMPP_NEW\htdocs\Codeigniter4\system\CodeIgniter.php(919): App\Controllers\AdminController->saveArticle()
#10 D:\XAMPP_NEW\htdocs\Codeigniter4\system\CodeIgniter.php(494): CodeIgniter\CodeIgniter->runController(Object(App\Controllers\AdminController))
#11 D:\XAMPP_NEW\htdocs\Codeigniter4\system\CodeIgniter.php(353): CodeIgniter\CodeIgniter->handleRequest(NULL, Object(Config\Cache), false)
#12 D:\XAMPP_NEW\htdocs\Codeigniter4\public\index.php(79): CodeIgniter\CodeIgniter->run()
#13 {main}
CRITICAL - 2023-10-23 17:55:16 --> Column 'Title' cannot be null
in SYSTEMPATH\Database\BaseConnection.php on line 646.
 1 SYSTEMPATH\Database\BaseBuilder.php(2308): CodeIgniter\Database\BaseConnection->query('INSERT INTO `articles` (`Title`) VALUES (:Title:)', [...], false)
 2 SYSTEMPATH\Model.php(319): CodeIgniter\Database\BaseBuilder->insert()
 3 SYSTEMPATH\BaseModel.php(788): CodeIgniter\Model->doInsert([...])
 4 SYSTEMPATH\Model.php(715): CodeIgniter\BaseModel->insert([...], true)
 5 APPPATH\Models\admin_modal.php(16): CodeIgniter\Model->insert([...])
 6 APPPATH\Controllers\AdminController.php(21): App\Models\admin_modal->insertAdmin([...])
 7 SYSTEMPATH\CodeIgniter.php(919): App\Controllers\AdminController->saveArticle()
 8 SYSTEMPATH\CodeIgniter.php(494): CodeIgniter\CodeIgniter->runController(Object(App\Controllers\AdminController))
 9 SYSTEMPATH\CodeIgniter.php(353): CodeIgniter\CodeIgniter->handleRequest(null, Object(Config\Cache), false)
10 FCPATH\index.php(79): CodeIgniter\CodeIgniter->run()
