CRITICAL - 2023-10-15 16:37:10 --> Undefined property: stdClass::$Content
in APPPATH\Views\home_view.php on line 101.
 1 APPPATH\Views\home_view.php(101): CodeIgniter\Debug\Exceptions->errorHandler(2, 'Undefined property: stdClass::$Content', 'D:\\XAMPP_NEW\\htdocs\\Codeigniter4\\app\\Views\\home_view.php', 101)
 2 SYSTEMPATH\View\View.php(226): include('D:\\XAMPP_NEW\\htdocs\\Codeigniter4\\app\\Views\\home_view.php')
 3 SYSTEMPATH\View\View.php(229): CodeIgniter\View\View->CodeIgniter\View\{closure}()
 4 SYSTEMPATH\Common.php(1188): CodeIgniter\View\View->render('home_view', [], true)
 5 APPPATH\Controllers\HomeController.php(14): view('home_view', [...])
 6 SYSTEMPATH\CodeIgniter.php(919): App\Controllers\HomeController->index()
 7 SYSTEMPATH\CodeIgniter.php(494): CodeIgniter\CodeIgniter->runController(Object(App\Controllers\HomeController))
 8 SYSTEMPATH\CodeIgniter.php(353): CodeIgniter\CodeIgniter->handleRequest(null, Object(Config\Cache), false)
 9 FCPATH\index.php(79): CodeIgniter\CodeIgniter->run()
CRITICAL - 2023-10-15 16:37:26 --> Undefined property: stdClass::$Content
in APPPATH\Views\home_view.php on line 101.
 1 APPPATH\Views\home_view.php(101): CodeIgniter\Debug\Exceptions->errorHandler(2, 'Undefined property: stdClass::$Content', 'D:\\XAMPP_NEW\\htdocs\\Codeigniter4\\app\\Views\\home_view.php', 101)
 2 SYSTEMPATH\View\View.php(226): include('D:\\XAMPP_NEW\\htdocs\\Codeigniter4\\app\\Views\\home_view.php')
 3 SYSTEMPATH\View\View.php(229): CodeIgniter\View\View->CodeIgniter\View\{closure}()
 4 SYSTEMPATH\Common.php(1188): CodeIgniter\View\View->render('home_view', [], true)
 5 APPPATH\Controllers\HomeController.php(14): view('home_view', [...])
 6 SYSTEMPATH\CodeIgniter.php(919): App\Controllers\HomeController->index()
 7 SYSTEMPATH\CodeIgniter.php(494): CodeIgniter\CodeIgniter->runController(Object(App\Controllers\HomeController))
 8 SYSTEMPATH\CodeIgniter.php(353): CodeIgniter\CodeIgniter->handleRequest(null, Object(Config\Cache), false)
 9 FCPATH\index.php(79): CodeIgniter\CodeIgniter->run()
CRITICAL - 2023-10-15 16:38:35 --> Undefined variable $news_item
in APPPATH\Views\content_view.php on line 3.
 1 APPPATH\Views\content_view.php(3): CodeIgniter\Debug\Exceptions->errorHandler(2, 'Undefined variable $news_item', 'D:\\XAMPP_NEW\\htdocs\\Codeigniter4\\app\\Views\\content_view.php', 3)
 2 SYSTEMPATH\View\View.php(226): include('D:\\XAMPP_NEW\\htdocs\\Codeigniter4\\app\\Views\\content_view.php')
 3 SYSTEMPATH\View\View.php(229): CodeIgniter\View\View->CodeIgniter\View\{closure}()
 4 SYSTEMPATH\Common.php(1188): CodeIgniter\View\View->render('content_view', [], true)
 5 APPPATH\Controllers\HomeController.php(21): view('content_view', [...])
 6 SYSTEMPATH\CodeIgniter.php(919): App\Controllers\HomeController->view('1')
 7 SYSTEMPATH\CodeIgniter.php(494): CodeIgniter\CodeIgniter->runController(Object(App\Controllers\HomeController))
 8 SYSTEMPATH\CodeIgniter.php(353): CodeIgniter\CodeIgniter->handleRequest(null, Object(Config\Cache), false)
 9 FCPATH\index.php(79): CodeIgniter\CodeIgniter->run()
CRITICAL - 2023-10-15 16:38:44 --> Undefined property: stdClass::$Content
in APPPATH\Views\home_view.php on line 101.
 1 APPPATH\Views\home_view.php(101): CodeIgniter\Debug\Exceptions->errorHandler(2, 'Undefined property: stdClass::$Content', 'D:\\XAMPP_NEW\\htdocs\\Codeigniter4\\app\\Views\\home_view.php', 101)
 2 SYSTEMPATH\View\View.php(226): include('D:\\XAMPP_NEW\\htdocs\\Codeigniter4\\app\\Views\\home_view.php')
 3 SYSTEMPATH\View\View.php(229): CodeIgniter\View\View->CodeIgniter\View\{closure}()
 4 SYSTEMPATH\Common.php(1188): CodeIgniter\View\View->render('home_view', [], true)
 5 APPPATH\Controllers\HomeController.php(14): view('home_view', [...])
 6 SYSTEMPATH\CodeIgniter.php(919): App\Controllers\HomeController->index()
 7 SYSTEMPATH\CodeIgniter.php(494): CodeIgniter\CodeIgniter->runController(Object(App\Controllers\HomeController))
 8 SYSTEMPATH\CodeIgniter.php(353): CodeIgniter\CodeIgniter->handleRequest(null, Object(Config\Cache), false)
 9 FCPATH\index.php(79): CodeIgniter\CodeIgniter->run()
CRITICAL - 2023-10-15 16:39:52 --> Undefined property: stdClass::$Content
in APPPATH\Views\home_view.php on line 101.
 1 APPPATH\Views\home_view.php(101): CodeIgniter\Debug\Exceptions->errorHandler(2, 'Undefined property: stdClass::$Content', 'D:\\XAMPP_NEW\\htdocs\\Codeigniter4\\app\\Views\\home_view.php', 101)
 2 SYSTEMPATH\View\View.php(226): include('D:\\XAMPP_NEW\\htdocs\\Codeigniter4\\app\\Views\\home_view.php')
 3 SYSTEMPATH\View\View.php(229): CodeIgniter\View\View->CodeIgniter\View\{closure}()
 4 SYSTEMPATH\Common.php(1188): CodeIgniter\View\View->render('home_view', [], true)
 5 APPPATH\Controllers\HomeController.php(14): view('home_view', [...])
 6 SYSTEMPATH\CodeIgniter.php(919): App\Controllers\HomeController->index()
 7 SYSTEMPATH\CodeIgniter.php(494): CodeIgniter\CodeIgniter->runController(Object(App\Controllers\HomeController))
 8 SYSTEMPATH\CodeIgniter.php(353): CodeIgniter\CodeIgniter->handleRequest(null, Object(Config\Cache), false)
 9 FCPATH\index.php(79): CodeIgniter\CodeIgniter->run()
CRITICAL - 2023-10-15 16:40:04 --> Undefined property: stdClass::$Content
in APPPATH\Views\home_view.php on line 101.
 1 APPPATH\Views\home_view.php(101): CodeIgniter\Debug\Exceptions->errorHandler(2, 'Undefined property: stdClass::$Content', 'D:\\XAMPP_NEW\\htdocs\\Codeigniter4\\app\\Views\\home_view.php', 101)
 2 SYSTEMPATH\View\View.php(226): include('D:\\XAMPP_NEW\\htdocs\\Codeigniter4\\app\\Views\\home_view.php')
 3 SYSTEMPATH\View\View.php(229): CodeIgniter\View\View->CodeIgniter\View\{closure}()
 4 SYSTEMPATH\Common.php(1188): CodeIgniter\View\View->render('home_view', [], true)
 5 APPPATH\Controllers\HomeController.php(14): view('home_view', [...])
 6 SYSTEMPATH\CodeIgniter.php(919): App\Controllers\HomeController->index()
 7 SYSTEMPATH\CodeIgniter.php(494): CodeIgniter\CodeIgniter->runController(Object(App\Controllers\HomeController))
 8 SYSTEMPATH\CodeIgniter.php(353): CodeIgniter\CodeIgniter->handleRequest(null, Object(Config\Cache), false)
 9 FCPATH\index.php(79): CodeIgniter\CodeIgniter->run()
CRITICAL - 2023-10-15 16:41:07 --> Undefined property: stdClass::$Content
in APPPATH\Views\home_view.php on line 101.
 1 APPPATH\Views\home_view.php(101): CodeIgniter\Debug\Exceptions->errorHandler(2, 'Undefined property: stdClass::$Content', 'D:\\XAMPP_NEW\\htdocs\\Codeigniter4\\app\\Views\\home_view.php', 101)
 2 SYSTEMPATH\View\View.php(226): include('D:\\XAMPP_NEW\\htdocs\\Codeigniter4\\app\\Views\\home_view.php')
 3 SYSTEMPATH\View\View.php(229): CodeIgniter\View\View->CodeIgniter\View\{closure}()
 4 SYSTEMPATH\Common.php(1188): CodeIgniter\View\View->render('home_view', [], true)
 5 APPPATH\Controllers\HomeController.php(14): view('home_view', [...])
 6 SYSTEMPATH\CodeIgniter.php(919): App\Controllers\HomeController->index()
 7 SYSTEMPATH\CodeIgniter.php(494): CodeIgniter\CodeIgniter->runController(Object(App\Controllers\HomeController))
 8 SYSTEMPATH\CodeIgniter.php(353): CodeIgniter\CodeIgniter->handleRequest(null, Object(Config\Cache), false)
 9 FCPATH\index.php(79): CodeIgniter\CodeIgniter->run()
CRITICAL - 2023-10-15 16:41:19 --> Undefined property: stdClass::$Content
in APPPATH\Views\home_view.php on line 101.
 1 APPPATH\Views\home_view.php(101): CodeIgniter\Debug\Exceptions->errorHandler(2, 'Undefined property: stdClass::$Content', 'D:\\XAMPP_NEW\\htdocs\\Codeigniter4\\app\\Views\\home_view.php', 101)
 2 SYSTEMPATH\View\View.php(226): include('D:\\XAMPP_NEW\\htdocs\\Codeigniter4\\app\\Views\\home_view.php')
 3 SYSTEMPATH\View\View.php(229): CodeIgniter\View\View->CodeIgniter\View\{closure}()
 4 SYSTEMPATH\Common.php(1188): CodeIgniter\View\View->render('home_view', [], true)
 5 APPPATH\Controllers\HomeController.php(14): view('home_view', [...])
 6 SYSTEMPATH\CodeIgniter.php(919): App\Controllers\HomeController->index()
 7 SYSTEMPATH\CodeIgniter.php(494): CodeIgniter\CodeIgniter->runController(Object(App\Controllers\HomeController))
 8 SYSTEMPATH\CodeIgniter.php(353): CodeIgniter\CodeIgniter->handleRequest(null, Object(Config\Cache), false)
 9 FCPATH\index.php(79): CodeIgniter\CodeIgniter->run()
CRITICAL - 2023-10-15 16:42:37 --> Undefined property: stdClass::$Content
in APPPATH\Views\home_view.php on line 101.
 1 APPPATH\Views\home_view.php(101): CodeIgniter\Debug\Exceptions->errorHandler(2, 'Undefined property: stdClass::$Content', 'D:\\XAMPP_NEW\\htdocs\\Codeigniter4\\app\\Views\\home_view.php', 101)
 2 SYSTEMPATH\View\View.php(226): include('D:\\XAMPP_NEW\\htdocs\\Codeigniter4\\app\\Views\\home_view.php')
 3 SYSTEMPATH\View\View.php(229): CodeIgniter\View\View->CodeIgniter\View\{closure}()
 4 SYSTEMPATH\Common.php(1188): CodeIgniter\View\View->render('home_view', [], true)
 5 APPPATH\Controllers\HomeController.php(14): view('home_view', [...])
 6 SYSTEMPATH\CodeIgniter.php(919): App\Controllers\HomeController->index()
 7 SYSTEMPATH\CodeIgniter.php(494): CodeIgniter\CodeIgniter->runController(Object(App\Controllers\HomeController))
 8 SYSTEMPATH\CodeIgniter.php(353): CodeIgniter\CodeIgniter->handleRequest(null, Object(Config\Cache), false)
 9 FCPATH\index.php(79): CodeIgniter\CodeIgniter->run()
CRITICAL - 2023-10-15 16:44:53 --> Undefined property: stdClass::$Content
in APPPATH\Views\home_view.php on line 101.
 1 APPPATH\Views\home_view.php(101): CodeIgniter\Debug\Exceptions->errorHandler(2, 'Undefined property: stdClass::$Content', 'D:\\XAMPP_NEW\\htdocs\\Codeigniter4\\app\\Views\\home_view.php', 101)
 2 SYSTEMPATH\View\View.php(226): include('D:\\XAMPP_NEW\\htdocs\\Codeigniter4\\app\\Views\\home_view.php')
 3 SYSTEMPATH\View\View.php(229): CodeIgniter\View\View->CodeIgniter\View\{closure}()
 4 SYSTEMPATH\Common.php(1188): CodeIgniter\View\View->render('home_view', [], true)
 5 APPPATH\Controllers\HomeController.php(14): view('home_view', [...])
 6 SYSTEMPATH\CodeIgniter.php(919): App\Controllers\HomeController->index()
 7 SYSTEMPATH\CodeIgniter.php(494): CodeIgniter\CodeIgniter->runController(Object(App\Controllers\HomeController))
 8 SYSTEMPATH\CodeIgniter.php(353): CodeIgniter\CodeIgniter->handleRequest(null, Object(Config\Cache), false)
 9 FCPATH\index.php(79): CodeIgniter\CodeIgniter->run()
CRITICAL - 2023-10-15 16:49:52 --> Undefined variable $news_item
in APPPATH\Views\content_view.php on line 3.
 1 APPPATH\Views\content_view.php(3): CodeIgniter\Debug\Exceptions->errorHandler(2, 'Undefined variable $news_item', 'D:\\XAMPP_NEW\\htdocs\\Codeigniter4\\app\\Views\\content_view.php', 3)
 2 SYSTEMPATH\View\View.php(226): include('D:\\XAMPP_NEW\\htdocs\\Codeigniter4\\app\\Views\\content_view.php')
 3 SYSTEMPATH\View\View.php(229): CodeIgniter\View\View->CodeIgniter\View\{closure}()
 4 SYSTEMPATH\Common.php(1188): CodeIgniter\View\View->render('content_view', [], true)
 5 APPPATH\Controllers\HomeController.php(21): view('content_view', [...])
 6 SYSTEMPATH\CodeIgniter.php(919): App\Controllers\HomeController->view('1')
 7 SYSTEMPATH\CodeIgniter.php(494): CodeIgniter\CodeIgniter->runController(Object(App\Controllers\HomeController))
 8 SYSTEMPATH\CodeIgniter.php(353): CodeIgniter\CodeIgniter->handleRequest(null, Object(Config\Cache), false)
 9 FCPATH\index.php(79): CodeIgniter\CodeIgniter->run()
CRITICAL - 2023-10-15 16:52:13 --> Undefined variable $news_item
in APPPATH\Views\content_view.php on line 3.
 1 APPPATH\Views\content_view.php(3): CodeIgniter\Debug\Exceptions->errorHandler(2, 'Undefined variable $news_item', 'D:\\XAMPP_NEW\\htdocs\\Codeigniter4\\app\\Views\\content_view.php', 3)
 2 SYSTEMPATH\View\View.php(226): include('D:\\XAMPP_NEW\\htdocs\\Codeigniter4\\app\\Views\\content_view.php')
 3 SYSTEMPATH\View\View.php(229): CodeIgniter\View\View->CodeIgniter\View\{closure}()
 4 SYSTEMPATH\Common.php(1188): CodeIgniter\View\View->render('content_view', [], true)
 5 APPPATH\Controllers\HomeController.php(21): view('content_view', [...])
 6 SYSTEMPATH\CodeIgniter.php(919): App\Controllers\HomeController->view('1')
 7 SYSTEMPATH\CodeIgniter.php(494): CodeIgniter\CodeIgniter->runController(Object(App\Controllers\HomeController))
 8 SYSTEMPATH\CodeIgniter.php(353): CodeIgniter\CodeIgniter->handleRequest(null, Object(Config\Cache), false)
 9 FCPATH\index.php(79): CodeIgniter\CodeIgniter->run()
CRITICAL - 2023-10-15 16:52:14 --> Cannot use object of type stdClass as array
in APPPATH\Views\home_view.php on line 98.
 1 SYSTEMPATH\View\View.php(226): include()
 2 SYSTEMPATH\View\View.php(229): CodeIgniter\View\View->CodeIgniter\View\{closure}()
 3 SYSTEMPATH\Common.php(1188): CodeIgniter\View\View->render('home_view', [], true)
 4 APPPATH\Controllers\HomeController.php(14): view('home_view', [...])
 5 SYSTEMPATH\CodeIgniter.php(919): App\Controllers\HomeController->index()
 6 SYSTEMPATH\CodeIgniter.php(494): CodeIgniter\CodeIgniter->runController(Object(App\Controllers\HomeController))
 7 SYSTEMPATH\CodeIgniter.php(353): CodeIgniter\CodeIgniter->handleRequest(null, Object(Config\Cache), false)
 8 FCPATH\index.php(79): CodeIgniter\CodeIgniter->run()
CRITICAL - 2023-10-15 16:52:16 --> Cannot use object of type stdClass as array
in APPPATH\Views\home_view.php on line 98.
 1 SYSTEMPATH\View\View.php(226): include()
 2 SYSTEMPATH\View\View.php(229): CodeIgniter\View\View->CodeIgniter\View\{closure}()
 3 SYSTEMPATH\Common.php(1188): CodeIgniter\View\View->render('home_view', [], true)
 4 APPPATH\Controllers\HomeController.php(14): view('home_view', [...])
 5 SYSTEMPATH\CodeIgniter.php(919): App\Controllers\HomeController->index()
 6 SYSTEMPATH\CodeIgniter.php(494): CodeIgniter\CodeIgniter->runController(Object(App\Controllers\HomeController))
 7 SYSTEMPATH\CodeIgniter.php(353): CodeIgniter\CodeIgniter->handleRequest(null, Object(Config\Cache), false)
 8 FCPATH\index.php(79): CodeIgniter\CodeIgniter->run()
CRITICAL - 2023-10-15 16:53:15 --> Undefined variable $news_item
in APPPATH\Views\content_view.php on line 3.
 1 APPPATH\Views\content_view.php(3): CodeIgniter\Debug\Exceptions->errorHandler(2, 'Undefined variable $news_item', 'D:\\XAMPP_NEW\\htdocs\\Codeigniter4\\app\\Views\\content_view.php', 3)
 2 SYSTEMPATH\View\View.php(226): include('D:\\XAMPP_NEW\\htdocs\\Codeigniter4\\app\\Views\\content_view.php')
 3 SYSTEMPATH\View\View.php(229): CodeIgniter\View\View->CodeIgniter\View\{closure}()
 4 SYSTEMPATH\Common.php(1188): CodeIgniter\View\View->render('content_view', [], true)
 5 APPPATH\Controllers\HomeController.php(21): view('content_view', [...])
 6 SYSTEMPATH\CodeIgniter.php(919): App\Controllers\HomeController->view('1')
 7 SYSTEMPATH\CodeIgniter.php(494): CodeIgniter\CodeIgniter->runController(Object(App\Controllers\HomeController))
 8 SYSTEMPATH\CodeIgniter.php(353): CodeIgniter\CodeIgniter->handleRequest(null, Object(Config\Cache), false)
 9 FCPATH\index.php(79): CodeIgniter\CodeIgniter->run()
CRITICAL - 2023-10-15 17:06:48 --> Undefined variable $news_item
in APPPATH\Views\content_view.php on line 3.
 1 APPPATH\Views\content_view.php(3): CodeIgniter\Debug\Exceptions->errorHandler(2, 'Undefined variable $news_item', 'D:\\XAMPP_NEW\\htdocs\\Codeigniter4\\app\\Views\\content_view.php', 3)
 2 SYSTEMPATH\View\View.php(226): include('D:\\XAMPP_NEW\\htdocs\\Codeigniter4\\app\\Views\\content_view.php')
 3 SYSTEMPATH\View\View.php(229): CodeIgniter\View\View->CodeIgniter\View\{closure}()
 4 SYSTEMPATH\Common.php(1188): CodeIgniter\View\View->render('content_view', [], true)
 5 APPPATH\Controllers\HomeController.php(22): view('content_view', [...])
 6 SYSTEMPATH\CodeIgniter.php(919): App\Controllers\HomeController->view('1')
 7 SYSTEMPATH\CodeIgniter.php(494): CodeIgniter\CodeIgniter->runController(Object(App\Controllers\HomeController))
 8 SYSTEMPATH\CodeIgniter.php(353): CodeIgniter\CodeIgniter->handleRequest(null, Object(Config\Cache), false)
 9 FCPATH\index.php(79): CodeIgniter\CodeIgniter->run()
CRITICAL - 2023-10-15 17:06:50 --> Undefined variable $news_item
in APPPATH\Views\content_view.php on line 3.
 1 APPPATH\Views\content_view.php(3): CodeIgniter\Debug\Exceptions->errorHandler(2, 'Undefined variable $news_item', 'D:\\XAMPP_NEW\\htdocs\\Codeigniter4\\app\\Views\\content_view.php', 3)
 2 SYSTEMPATH\View\View.php(226): include('D:\\XAMPP_NEW\\htdocs\\Codeigniter4\\app\\Views\\content_view.php')
 3 SYSTEMPATH\View\View.php(229): CodeIgniter\View\View->CodeIgniter\View\{closure}()
 4 SYSTEMPATH\Common.php(1188): CodeIgniter\View\View->render('content_view', [], true)
 5 APPPATH\Controllers\HomeController.php(22): view('content_view', [...])
 6 SYSTEMPATH\CodeIgniter.php(919): App\Controllers\HomeController->view('1')
 7 SYSTEMPATH\CodeIgniter.php(494): CodeIgniter\CodeIgniter->runController(Object(App\Controllers\HomeController))
 8 SYSTEMPATH\CodeIgniter.php(353): CodeIgniter\CodeIgniter->handleRequest(null, Object(Config\Cache), false)
 9 FCPATH\index.php(79): CodeIgniter\CodeIgniter->run()
CRITICAL - 2023-10-15 17:13:55 --> You must set the database table to be used with your query.
in SYSTEMPATH\Database\BaseConnection.php on line 883.
 1 SYSTEMPATH\Model.php(635): CodeIgniter\Database\BaseConnection->table(null)
 2 SYSTEMPATH\Model.php(184): CodeIgniter\Model->builder()
 3 SYSTEMPATH\BaseModel.php(563): CodeIgniter\Model->doFind(true, '1')
 4 APPPATH\Controllers\HomeController.php(21): CodeIgniter\BaseModel->find('1')
 5 SYSTEMPATH\CodeIgniter.php(919): App\Controllers\HomeController->view('1')
 6 SYSTEMPATH\CodeIgniter.php(494): CodeIgniter\CodeIgniter->runController(Object(App\Controllers\HomeController))
 7 SYSTEMPATH\CodeIgniter.php(353): CodeIgniter\CodeIgniter->handleRequest(null, Object(Config\Cache), false)
 8 FCPATH\index.php(79): CodeIgniter\CodeIgniter->run()
CRITICAL - 2023-10-15 17:45:25 --> Undefined array key "PublishDate"
in APPPATH\Views\content_view.php on line 16.
 1 APPPATH\Views\content_view.php(16): CodeIgniter\Debug\Exceptions->errorHandler(2, 'Undefined array key "PublishDate"', 'D:\\XAMPP_NEW\\htdocs\\Codeigniter4\\app\\Views\\content_view.php', 16)
 2 SYSTEMPATH\View\View.php(226): include('D:\\XAMPP_NEW\\htdocs\\Codeigniter4\\app\\Views\\content_view.php')
 3 SYSTEMPATH\View\View.php(229): CodeIgniter\View\View->CodeIgniter\View\{closure}()
 4 SYSTEMPATH\Common.php(1188): CodeIgniter\View\View->render('content_view', [], true)
 5 APPPATH\Controllers\HomeController.php(22): view('content_view', [...])
 6 SYSTEMPATH\CodeIgniter.php(919): App\Controllers\HomeController->view('1')
 7 SYSTEMPATH\CodeIgniter.php(494): CodeIgniter\CodeIgniter->runController(Object(App\Controllers\HomeController))
 8 SYSTEMPATH\CodeIgniter.php(353): CodeIgniter\CodeIgniter->handleRequest(null, Object(Config\Cache), false)
 9 FCPATH\index.php(79): CodeIgniter\CodeIgniter->run()
CRITICAL - 2023-10-15 17:46:14 --> Undefined array key "update_at"
in APPPATH\Views\content_view.php on line 16.
 1 APPPATH\Views\content_view.php(16): CodeIgniter\Debug\Exceptions->errorHandler(2, 'Undefined array key "update_at"', 'D:\\XAMPP_NEW\\htdocs\\Codeigniter4\\app\\Views\\content_view.php', 16)
 2 SYSTEMPATH\View\View.php(226): include('D:\\XAMPP_NEW\\htdocs\\Codeigniter4\\app\\Views\\content_view.php')
 3 SYSTEMPATH\View\View.php(229): CodeIgniter\View\View->CodeIgniter\View\{closure}()
 4 SYSTEMPATH\Common.php(1188): CodeIgniter\View\View->render('content_view', [], true)
 5 APPPATH\Controllers\HomeController.php(22): view('content_view', [...])
 6 SYSTEMPATH\CodeIgniter.php(919): App\Controllers\HomeController->view('1')
 7 SYSTEMPATH\CodeIgniter.php(494): CodeIgniter\CodeIgniter->runController(Object(App\Controllers\HomeController))
 8 SYSTEMPATH\CodeIgniter.php(353): CodeIgniter\CodeIgniter->handleRequest(null, Object(Config\Cache), false)
 9 FCPATH\index.php(79): CodeIgniter\CodeIgniter->run()
CRITICAL - 2023-10-15 17:49:35 --> Undefined array key "PublishDate"
in APPPATH\Views\content_view.php on line 31.
 1 APPPATH\Views\content_view.php(31): CodeIgniter\Debug\Exceptions->errorHandler(2, 'Undefined array key "PublishDate"', 'D:\\XAMPP_NEW\\htdocs\\Codeigniter4\\app\\Views\\content_view.php', 31)
 2 SYSTEMPATH\View\View.php(226): include('D:\\XAMPP_NEW\\htdocs\\Codeigniter4\\app\\Views\\content_view.php')
 3 SYSTEMPATH\View\View.php(229): CodeIgniter\View\View->CodeIgniter\View\{closure}()
 4 SYSTEMPATH\Common.php(1188): CodeIgniter\View\View->render('content_view', [], true)
 5 APPPATH\Controllers\HomeController.php(22): view('content_view', [...])
 6 SYSTEMPATH\CodeIgniter.php(919): App\Controllers\HomeController->view('1')
 7 SYSTEMPATH\CodeIgniter.php(494): CodeIgniter\CodeIgniter->runController(Object(App\Controllers\HomeController))
 8 SYSTEMPATH\CodeIgniter.php(353): CodeIgniter\CodeIgniter->handleRequest(null, Object(Config\Cache), false)
 9 FCPATH\index.php(79): CodeIgniter\CodeIgniter->run()
CRITICAL - 2023-10-15 17:53:15 --> Undefined variable $categories
in APPPATH\Views\content_view.php on line 38.
 1 APPPATH\Views\content_view.php(38): CodeIgniter\Debug\Exceptions->errorHandler(2, 'Undefined variable $categories', 'D:\\XAMPP_NEW\\htdocs\\Codeigniter4\\app\\Views\\content_view.php', 38)
 2 SYSTEMPATH\View\View.php(226): include('D:\\XAMPP_NEW\\htdocs\\Codeigniter4\\app\\Views\\content_view.php')
 3 SYSTEMPATH\View\View.php(229): CodeIgniter\View\View->CodeIgniter\View\{closure}()
 4 SYSTEMPATH\Common.php(1188): CodeIgniter\View\View->render('content_view', [], true)
 5 APPPATH\Controllers\HomeController.php(22): view('content_view', [...])
 6 SYSTEMPATH\CodeIgniter.php(919): App\Controllers\HomeController->view('1')
 7 SYSTEMPATH\CodeIgniter.php(494): CodeIgniter\CodeIgniter->runController(Object(App\Controllers\HomeController))
 8 SYSTEMPATH\CodeIgniter.php(353): CodeIgniter\CodeIgniter->handleRequest(null, Object(Config\Cache), false)
 9 FCPATH\index.php(79): CodeIgniter\CodeIgniter->run()
CRITICAL - 2023-10-15 17:55:39 --> Undefined variable $categories
in APPPATH\Views\content_view.php on line 38.
 1 APPPATH\Views\content_view.php(38): CodeIgniter\Debug\Exceptions->errorHandler(2, 'Undefined variable $categories', 'D:\\XAMPP_NEW\\htdocs\\Codeigniter4\\app\\Views\\content_view.php', 38)
 2 SYSTEMPATH\View\View.php(226): include('D:\\XAMPP_NEW\\htdocs\\Codeigniter4\\app\\Views\\content_view.php')
 3 SYSTEMPATH\View\View.php(229): CodeIgniter\View\View->CodeIgniter\View\{closure}()
 4 SYSTEMPATH\Common.php(1188): CodeIgniter\View\View->render('content_view', [], true)
 5 APPPATH\Controllers\HomeController.php(23): view('content_view', [...])
 6 SYSTEMPATH\CodeIgniter.php(919): App\Controllers\HomeController->view('1')
 7 SYSTEMPATH\CodeIgniter.php(494): CodeIgniter\CodeIgniter->runController(Object(App\Controllers\HomeController))
 8 SYSTEMPATH\CodeIgniter.php(353): CodeIgniter\CodeIgniter->handleRequest(null, Object(Config\Cache), false)
 9 FCPATH\index.php(79): CodeIgniter\CodeIgniter->run()
CRITICAL - 2023-10-15 17:55:41 --> Undefined variable $categories
in APPPATH\Views\content_view.php on line 38.
 1 APPPATH\Views\content_view.php(38): CodeIgniter\Debug\Exceptions->errorHandler(2, 'Undefined variable $categories', 'D:\\XAMPP_NEW\\htdocs\\Codeigniter4\\app\\Views\\content_view.php', 38)
 2 SYSTEMPATH\View\View.php(226): include('D:\\XAMPP_NEW\\htdocs\\Codeigniter4\\app\\Views\\content_view.php')
 3 SYSTEMPATH\View\View.php(229): CodeIgniter\View\View->CodeIgniter\View\{closure}()
 4 SYSTEMPATH\Common.php(1188): CodeIgniter\View\View->render('content_view', [], true)
 5 APPPATH\Controllers\HomeController.php(23): view('content_view', [...])
 6 SYSTEMPATH\CodeIgniter.php(919): App\Controllers\HomeController->view('1')
 7 SYSTEMPATH\CodeIgniter.php(494): CodeIgniter\CodeIgniter->runController(Object(App\Controllers\HomeController))
 8 SYSTEMPATH\CodeIgniter.php(353): CodeIgniter\CodeIgniter->handleRequest(null, Object(Config\Cache), false)
 9 FCPATH\index.php(79): CodeIgniter\CodeIgniter->run()
CRITICAL - 2023-10-15 17:57:11 --> Undefined variable $categories
in APPPATH\Views\content_view.php on line 38.
 1 APPPATH\Views\content_view.php(38): CodeIgniter\Debug\Exceptions->errorHandler(2, 'Undefined variable $categories', 'D:\\XAMPP_NEW\\htdocs\\Codeigniter4\\app\\Views\\content_view.php', 38)
 2 SYSTEMPATH\View\View.php(226): include('D:\\XAMPP_NEW\\htdocs\\Codeigniter4\\app\\Views\\content_view.php')
 3 SYSTEMPATH\View\View.php(229): CodeIgniter\View\View->CodeIgniter\View\{closure}()
 4 SYSTEMPATH\Common.php(1188): CodeIgniter\View\View->render('content_view', [], true)
 5 APPPATH\Controllers\HomeController.php(22): view('content_view', [...])
 6 SYSTEMPATH\CodeIgniter.php(919): App\Controllers\HomeController->view('1')
 7 SYSTEMPATH\CodeIgniter.php(494): CodeIgniter\CodeIgniter->runController(Object(App\Controllers\HomeController))
 8 SYSTEMPATH\CodeIgniter.php(353): CodeIgniter\CodeIgniter->handleRequest(null, Object(Config\Cache), false)
 9 FCPATH\index.php(79): CodeIgniter\CodeIgniter->run()
CRITICAL - 2023-10-15 17:57:22 --> Undefined variable $categories
in APPPATH\Views\content_view.php on line 38.
 1 APPPATH\Views\content_view.php(38): CodeIgniter\Debug\Exceptions->errorHandler(2, 'Undefined variable $categories', 'D:\\XAMPP_NEW\\htdocs\\Codeigniter4\\app\\Views\\content_view.php', 38)
 2 SYSTEMPATH\View\View.php(226): include('D:\\XAMPP_NEW\\htdocs\\Codeigniter4\\app\\Views\\content_view.php')
 3 SYSTEMPATH\View\View.php(229): CodeIgniter\View\View->CodeIgniter\View\{closure}()
 4 SYSTEMPATH\Common.php(1188): CodeIgniter\View\View->render('content_view', [], true)
 5 APPPATH\Controllers\HomeController.php(22): view('content_view', [...])
 6 SYSTEMPATH\CodeIgniter.php(919): App\Controllers\HomeController->view('1')
 7 SYSTEMPATH\CodeIgniter.php(494): CodeIgniter\CodeIgniter->runController(Object(App\Controllers\HomeController))
 8 SYSTEMPATH\CodeIgniter.php(353): CodeIgniter\CodeIgniter->handleRequest(null, Object(Config\Cache), false)
 9 FCPATH\index.php(79): CodeIgniter\CodeIgniter->run()
CRITICAL - 2023-10-15 17:57:25 --> Undefined variable $categories
in APPPATH\Views\content_view.php on line 38.
 1 APPPATH\Views\content_view.php(38): CodeIgniter\Debug\Exceptions->errorHandler(2, 'Undefined variable $categories', 'D:\\XAMPP_NEW\\htdocs\\Codeigniter4\\app\\Views\\content_view.php', 38)
 2 SYSTEMPATH\View\View.php(226): include('D:\\XAMPP_NEW\\htdocs\\Codeigniter4\\app\\Views\\content_view.php')
 3 SYSTEMPATH\View\View.php(229): CodeIgniter\View\View->CodeIgniter\View\{closure}()
 4 SYSTEMPATH\Common.php(1188): CodeIgniter\View\View->render('content_view', [], true)
 5 APPPATH\Controllers\HomeController.php(22): view('content_view', [...])
 6 SYSTEMPATH\CodeIgniter.php(919): App\Controllers\HomeController->view('1')
 7 SYSTEMPATH\CodeIgniter.php(494): CodeIgniter\CodeIgniter->runController(Object(App\Controllers\HomeController))
 8 SYSTEMPATH\CodeIgniter.php(353): CodeIgniter\CodeIgniter->handleRequest(null, Object(Config\Cache), false)
 9 FCPATH\index.php(79): CodeIgniter\CodeIgniter->run()
