CRITICAL - 2023-10-10 15:02:27 --> Undefined variable $articleTitles
in APPPATH\Views\content_view.php on line 11.
 1 APPPATH\Views\content_view.php(11): CodeIgniter\Debug\Exceptions->errorHandler(2, 'Undefined variable $articleTitles', 'D:\\XAMPP_NEW\\htdocs\\Codeigniter4\\app\\Views\\content_view.php', 11)
 2 SYSTEMPATH\View\View.php(226): include('D:\\XAMPP_NEW\\htdocs\\Codeigniter4\\app\\Views\\content_view.php')
 3 SYSTEMPATH\View\View.php(229): CodeIgniter\View\View->CodeIgniter\View\{closure}()
 4 SYSTEMPATH\Common.php(1188): CodeIgniter\View\View->render('content_view', [], true)
 5 APPPATH\Controllers\HomeController.php(17): view('content_view')
 6 SYSTEMPATH\CodeIgniter.php(919): App\Controllers\HomeController->content()
 7 SYSTEMPATH\CodeIgniter.php(494): CodeIgniter\CodeIgniter->runController(Object(App\Controllers\HomeController))
 8 SYSTEMPATH\CodeIgniter.php(353): CodeIgniter\CodeIgniter->handleRequest(null, Object(Config\Cache), false)
 9 FCPATH\index.php(79): CodeIgniter\CodeIgniter->run()
CRITICAL - 2023-10-10 15:07:35 --> Undefined property: stdClass::$ID
in APPPATH\Views\home_view.php on line 98.
 1 APPPATH\Views\home_view.php(98): CodeIgniter\Debug\Exceptions->errorHandler(2, 'Undefined property: stdClass::$ID', 'D:\\XAMPP_NEW\\htdocs\\Codeigniter4\\app\\Views\\home_view.php', 98)
 2 SYSTEMPATH\View\View.php(226): include('D:\\XAMPP_NEW\\htdocs\\Codeigniter4\\app\\Views\\home_view.php')
 3 SYSTEMPATH\View\View.php(229): CodeIgniter\View\View->CodeIgniter\View\{closure}()
 4 SYSTEMPATH\Common.php(1188): CodeIgniter\View\View->render('home_view', [], true)
 5 APPPATH\Controllers\HomeController.php(12): view('home_view', [...])
 6 SYSTEMPATH\CodeIgniter.php(919): App\Controllers\HomeController->index()
 7 SYSTEMPATH\CodeIgniter.php(494): CodeIgniter\CodeIgniter->runController(Object(App\Controllers\HomeController))
 8 SYSTEMPATH\CodeIgniter.php(353): CodeIgniter\CodeIgniter->handleRequest(null, Object(Config\Cache), false)
 9 FCPATH\index.php(79): CodeIgniter\CodeIgniter->run()
CRITICAL - 2023-10-10 15:13:56 --> Undefined property: stdClass::$ID
in APPPATH\Views\home_view.php on line 98.
 1 APPPATH\Views\home_view.php(98): CodeIgniter\Debug\Exceptions->errorHandler(2, 'Undefined property: stdClass::$ID', 'D:\\XAMPP_NEW\\htdocs\\Codeigniter4\\app\\Views\\home_view.php', 98)
 2 SYSTEMPATH\View\View.php(226): include('D:\\XAMPP_NEW\\htdocs\\Codeigniter4\\app\\Views\\home_view.php')
 3 SYSTEMPATH\View\View.php(229): CodeIgniter\View\View->CodeIgniter\View\{closure}()
 4 SYSTEMPATH\Common.php(1188): CodeIgniter\View\View->render('home_view', [], true)
 5 APPPATH\Controllers\HomeController.php(12): view('home_view', [...])
 6 SYSTEMPATH\CodeIgniter.php(919): App\Controllers\HomeController->index()
 7 SYSTEMPATH\CodeIgniter.php(494): CodeIgniter\CodeIgniter->runController(Object(App\Controllers\HomeController))
 8 SYSTEMPATH\CodeIgniter.php(353): CodeIgniter\CodeIgniter->handleRequest(null, Object(Config\Cache), false)
 9 FCPATH\index.php(79): CodeIgniter\CodeIgniter->run()
CRITICAL - 2023-10-10 15:16:09 --> Undefined property: stdClass::$ID
in APPPATH\Views\home_view.php on line 98.
 1 APPPATH\Views\home_view.php(98): CodeIgniter\Debug\Exceptions->errorHandler(2, 'Undefined property: stdClass::$ID', 'D:\\XAMPP_NEW\\htdocs\\Codeigniter4\\app\\Views\\home_view.php', 98)
 2 SYSTEMPATH\View\View.php(226): include('D:\\XAMPP_NEW\\htdocs\\Codeigniter4\\app\\Views\\home_view.php')
 3 SYSTEMPATH\View\View.php(229): CodeIgniter\View\View->CodeIgniter\View\{closure}()
 4 SYSTEMPATH\Common.php(1188): CodeIgniter\View\View->render('home_view', [], true)
 5 APPPATH\Controllers\HomeController.php(12): view('home_view', [...])
 6 SYSTEMPATH\CodeIgniter.php(919): App\Controllers\HomeController->index()
 7 SYSTEMPATH\CodeIgniter.php(494): CodeIgniter\CodeIgniter->runController(Object(App\Controllers\HomeController))
 8 SYSTEMPATH\CodeIgniter.php(353): CodeIgniter\CodeIgniter->handleRequest(null, Object(Config\Cache), false)
 9 FCPATH\index.php(79): CodeIgniter\CodeIgniter->run()
CRITICAL - 2023-10-10 15:21:38 --> Undefined variable $content
in APPPATH\Views\content_view.php on line 20.
 1 APPPATH\Views\content_view.php(20): CodeIgniter\Debug\Exceptions->errorHandler(2, 'Undefined variable $content', 'D:\\XAMPP_NEW\\htdocs\\Codeigniter4\\app\\Views\\content_view.php', 20)
 2 SYSTEMPATH\View\View.php(226): include('D:\\XAMPP_NEW\\htdocs\\Codeigniter4\\app\\Views\\content_view.php')
 3 SYSTEMPATH\View\View.php(229): CodeIgniter\View\View->CodeIgniter\View\{closure}()
 4 SYSTEMPATH\Common.php(1188): CodeIgniter\View\View->render('content_view', [], true)
 5 APPPATH\Controllers\HomeController.php(17): view('content_view')
 6 SYSTEMPATH\CodeIgniter.php(919): App\Controllers\HomeController->content()
 7 SYSTEMPATH\CodeIgniter.php(494): CodeIgniter\CodeIgniter->runController(Object(App\Controllers\HomeController))
 8 SYSTEMPATH\CodeIgniter.php(353): CodeIgniter\CodeIgniter->handleRequest(null, Object(Config\Cache), false)
 9 FCPATH\index.php(79): CodeIgniter\CodeIgniter->run()
CRITICAL - 2023-10-10 15:21:41 --> Undefined variable $content
in APPPATH\Views\content_view.php on line 20.
 1 APPPATH\Views\content_view.php(20): CodeIgniter\Debug\Exceptions->errorHandler(2, 'Undefined variable $content', 'D:\\XAMPP_NEW\\htdocs\\Codeigniter4\\app\\Views\\content_view.php', 20)
 2 SYSTEMPATH\View\View.php(226): include('D:\\XAMPP_NEW\\htdocs\\Codeigniter4\\app\\Views\\content_view.php')
 3 SYSTEMPATH\View\View.php(229): CodeIgniter\View\View->CodeIgniter\View\{closure}()
 4 SYSTEMPATH\Common.php(1188): CodeIgniter\View\View->render('content_view', [], true)
 5 APPPATH\Controllers\HomeController.php(17): view('content_view')
 6 SYSTEMPATH\CodeIgniter.php(919): App\Controllers\HomeController->content()
 7 SYSTEMPATH\CodeIgniter.php(494): CodeIgniter\CodeIgniter->runController(Object(App\Controllers\HomeController))
 8 SYSTEMPATH\CodeIgniter.php(353): CodeIgniter\CodeIgniter->handleRequest(null, Object(Config\Cache), false)
 9 FCPATH\index.php(79): CodeIgniter\CodeIgniter->run()
CRITICAL - 2023-10-10 15:44:30 --> Undefined property: stdClass::$ID
in APPPATH\Views\home_view.php on line 98.
 1 APPPATH\Views\home_view.php(98): CodeIgniter\Debug\Exceptions->errorHandler(2, 'Undefined property: stdClass::$ID', 'D:\\XAMPP_NEW\\htdocs\\Codeigniter4\\app\\Views\\home_view.php', 98)
 2 SYSTEMPATH\View\View.php(226): include('D:\\XAMPP_NEW\\htdocs\\Codeigniter4\\app\\Views\\home_view.php')
 3 SYSTEMPATH\View\View.php(229): CodeIgniter\View\View->CodeIgniter\View\{closure}()
 4 SYSTEMPATH\Common.php(1188): CodeIgniter\View\View->render('home_view', [], true)
 5 APPPATH\Controllers\HomeController.php(12): view('home_view', [...])
 6 SYSTEMPATH\CodeIgniter.php(919): App\Controllers\HomeController->index()
 7 SYSTEMPATH\CodeIgniter.php(494): CodeIgniter\CodeIgniter->runController(Object(App\Controllers\HomeController))
 8 SYSTEMPATH\CodeIgniter.php(353): CodeIgniter\CodeIgniter->handleRequest(null, Object(Config\Cache), false)
 9 FCPATH\index.php(79): CodeIgniter\CodeIgniter->run()
CRITICAL - 2023-10-10 15:44:32 --> Undefined property: stdClass::$ID
in APPPATH\Views\home_view.php on line 98.
 1 APPPATH\Views\home_view.php(98): CodeIgniter\Debug\Exceptions->errorHandler(2, 'Undefined property: stdClass::$ID', 'D:\\XAMPP_NEW\\htdocs\\Codeigniter4\\app\\Views\\home_view.php', 98)
 2 SYSTEMPATH\View\View.php(226): include('D:\\XAMPP_NEW\\htdocs\\Codeigniter4\\app\\Views\\home_view.php')
 3 SYSTEMPATH\View\View.php(229): CodeIgniter\View\View->CodeIgniter\View\{closure}()
 4 SYSTEMPATH\Common.php(1188): CodeIgniter\View\View->render('home_view', [], true)
 5 APPPATH\Controllers\HomeController.php(12): view('home_view', [...])
 6 SYSTEMPATH\CodeIgniter.php(919): App\Controllers\HomeController->index()
 7 SYSTEMPATH\CodeIgniter.php(494): CodeIgniter\CodeIgniter->runController(Object(App\Controllers\HomeController))
 8 SYSTEMPATH\CodeIgniter.php(353): CodeIgniter\CodeIgniter->handleRequest(null, Object(Config\Cache), false)
 9 FCPATH\index.php(79): CodeIgniter\CodeIgniter->run()
